Determining if the pthread_create exist failed with the following output:
Change Dir: /home/arslanali/quadrotor-simulation/build/CMakeFiles/CMakeTmp

Run Build Command:"/usr/bin/make" "cmTC_37173/fast"
/usr/bin/make -f CMakeFiles/cmTC_37173.dir/build.make CMakeFiles/cmTC_37173.dir/build
make[1]: Entering directory '/home/arslanali/quadrotor-simulation/build/CMakeFiles/CMakeTmp'
Building C object CMakeFiles/cmTC_37173.dir/CheckSymbolExists.c.o
/usr/bin/cc     -o CMakeFiles/cmTC_37173.dir/CheckSymbolExists.c.o   -c /home/arslanali/quadrotor-simulation/build/CMakeFiles/CMakeTmp/CheckSymbolExists.c
Linking C executable cmTC_37173
/usr/bin/cmake -E cmake_link_script CMakeFiles/cmTC_37173.dir/link.txt --verbose=1
/usr/bin/cc       CMakeFiles/cmTC_37173.dir/CheckSymbolExists.c.o  -o cmTC_37173 -rdynamic 
CMakeFiles/cmTC_37173.dir/CheckSymbolExists.c.o: In function `main':
CheckSymbolExists.c:(.text+0x16): undefined reference to `pthread_create'
collect2: error: ld returned 1 exit status
CMakeFiles/cmTC_37173.dir/build.make:97: recipe for target 'cmTC_37173' failed
make[1]: *** [cmTC_37173] Error 1
make[1]: Leaving directory '/home/arslanali/quadrotor-simulation/build/CMakeFiles/CMakeTmp'
Makefile:126: recipe for target 'cmTC_37173/fast' failed
make: *** [cmTC_37173/fast] Error 2

File /home/arslanali/quadrotor-simulation/build/CMakeFiles/CMakeTmp/CheckSymbolExists.c:
/* */
#include <pthread.h>

int main(int argc, char** argv)
{
  (void)argv;
#ifndef pthread_create
  return ((int*)(&pthread_create))[argc];
#else
  (void)argc;
  return 0;
#endif
}

Determining if the function pthread_create exists in the pthreads failed with the following output:
Change Dir: /home/arslanali/quadrotor-simulation/build/CMakeFiles/CMakeTmp

Run Build Command:"/usr/bin/make" "cmTC_ed6f5/fast"
/usr/bin/make -f CMakeFiles/cmTC_ed6f5.dir/build.make CMakeFiles/cmTC_ed6f5.dir/build
make[1]: Entering directory '/home/arslanali/quadrotor-simulation/build/CMakeFiles/CMakeTmp'
Building C object CMakeFiles/cmTC_ed6f5.dir/CheckFunctionExists.c.o
/usr/bin/cc    -DCHECK_FUNCTION_EXISTS=pthread_create   -o CMakeFiles/cmTC_ed6f5.dir/CheckFunctionExists.c.o   -c /usr/share/cmake-3.5/Modules/CheckFunctionExists.c
Linking C executable cmTC_ed6f5
/usr/bin/cmake -E cmake_link_script CMakeFiles/cmTC_ed6f5.dir/link.txt --verbose=1
/usr/bin/cc   -DCHECK_FUNCTION_EXISTS=pthread_create    CMakeFiles/cmTC_ed6f5.dir/CheckFunctionExists.c.o  -o cmTC_ed6f5 -rdynamic -lpthreads 
/usr/bin/ld: cannot find -lpthreads
collect2: error: ld returned 1 exit status
CMakeFiles/cmTC_ed6f5.dir/build.make:97: recipe for target 'cmTC_ed6f5' failed
make[1]: *** [cmTC_ed6f5] Error 1
make[1]: Leaving directory '/home/arslanali/quadrotor-simulation/build/CMakeFiles/CMakeTmp'
Makefile:126: recipe for target 'cmTC_ed6f5/fast' failed
make: *** [cmTC_ed6f5/fast] Error 2


Determining if the Q_WS_WIN exist failed with the following output:
Change Dir: /home/arslanali/quadrotor-simulation/build/CMakeFiles/CMakeTmp

Run Build Command:"/usr/bin/make" "cmTC_73d72/fast"
/usr/bin/make -f CMakeFiles/cmTC_73d72.dir/build.make CMakeFiles/cmTC_73d72.dir/build
make[1]: Entering directory '/home/arslanali/quadrotor-simulation/build/CMakeFiles/CMakeTmp'
Building CXX object CMakeFiles/cmTC_73d72.dir/CheckSymbolExists.cxx.o
/usr/bin/c++    -I/usr/include/qt4   -o CMakeFiles/cmTC_73d72.dir/CheckSymbolExists.cxx.o -c /home/arslanali/quadrotor-simulation/build/CMakeFiles/CMakeTmp/CheckSymbolExists.cxx
/home/arslanali/quadrotor-simulation/build/CMakeFiles/CMakeTmp/CheckSymbolExists.cxx: In function ‘int main(int, char**)’:
/home/arslanali/quadrotor-simulation/build/CMakeFiles/CMakeTmp/CheckSymbolExists.cxx:8:19: error: ‘Q_WS_WIN’ was not declared in this scope
   return ((int*)(&Q_WS_WIN))[argc];
                   ^
CMakeFiles/cmTC_73d72.dir/build.make:65: recipe for target 'CMakeFiles/cmTC_73d72.dir/CheckSymbolExists.cxx.o' failed
make[1]: *** [CMakeFiles/cmTC_73d72.dir/CheckSymbolExists.cxx.o] Error 1
make[1]: Leaving directory '/home/arslanali/quadrotor-simulation/build/CMakeFiles/CMakeTmp'
Makefile:126: recipe for target 'cmTC_73d72/fast' failed
make: *** [cmTC_73d72/fast] Error 2

File /home/arslanali/quadrotor-simulation/build/CMakeFiles/CMakeTmp/CheckSymbolExists.cxx:
/* */
#include <QtCore/qglobal.h>

int main(int argc, char** argv)
{
  (void)argv;
#ifndef Q_WS_WIN
  return ((int*)(&Q_WS_WIN))[argc];
#else
  (void)argc;
  return 0;
#endif
}

Determining if the Q_WS_QWS exist failed with the following output:
Change Dir: /home/arslanali/quadrotor-simulation/build/CMakeFiles/CMakeTmp

Run Build Command:"/usr/bin/make" "cmTC_c7f36/fast"
/usr/bin/make -f CMakeFiles/cmTC_c7f36.dir/build.make CMakeFiles/cmTC_c7f36.dir/build
make[1]: Entering directory '/home/arslanali/quadrotor-simulation/build/CMakeFiles/CMakeTmp'
Building CXX object CMakeFiles/cmTC_c7f36.dir/CheckSymbolExists.cxx.o
/usr/bin/c++    -I/usr/include/qt4   -o CMakeFiles/cmTC_c7f36.dir/CheckSymbolExists.cxx.o -c /home/arslanali/quadrotor-simulation/build/CMakeFiles/CMakeTmp/CheckSymbolExists.cxx
/home/arslanali/quadrotor-simulation/build/CMakeFiles/CMakeTmp/CheckSymbolExists.cxx: In function ‘int main(int, char**)’:
/home/arslanali/quadrotor-simulation/build/CMakeFiles/CMakeTmp/CheckSymbolExists.cxx:8:19: error: ‘Q_WS_QWS’ was not declared in this scope
   return ((int*)(&Q_WS_QWS))[argc];
                   ^
CMakeFiles/cmTC_c7f36.dir/build.make:65: recipe for target 'CMakeFiles/cmTC_c7f36.dir/CheckSymbolExists.cxx.o' failed
make[1]: *** [CMakeFiles/cmTC_c7f36.dir/CheckSymbolExists.cxx.o] Error 1
make[1]: Leaving directory '/home/arslanali/quadrotor-simulation/build/CMakeFiles/CMakeTmp'
Makefile:126: recipe for target 'cmTC_c7f36/fast' failed
make: *** [cmTC_c7f36/fast] Error 2

File /home/arslanali/quadrotor-simulation/build/CMakeFiles/CMakeTmp/CheckSymbolExists.cxx:
/* */
#include <QtCore/qglobal.h>

int main(int argc, char** argv)
{
  (void)argv;
#ifndef Q_WS_QWS
  return ((int*)(&Q_WS_QWS))[argc];
#else
  (void)argc;
  return 0;
#endif
}

Determining if the Q_WS_MAC exist failed with the following output:
Change Dir: /home/arslanali/quadrotor-simulation/build/CMakeFiles/CMakeTmp

Run Build Command:"/usr/bin/make" "cmTC_01b19/fast"
/usr/bin/make -f CMakeFiles/cmTC_01b19.dir/build.make CMakeFiles/cmTC_01b19.dir/build
make[1]: Entering directory '/home/arslanali/quadrotor-simulation/build/CMakeFiles/CMakeTmp'
Building CXX object CMakeFiles/cmTC_01b19.dir/CheckSymbolExists.cxx.o
/usr/bin/c++    -I/usr/include/qt4   -o CMakeFiles/cmTC_01b19.dir/CheckSymbolExists.cxx.o -c /home/arslanali/quadrotor-simulation/build/CMakeFiles/CMakeTmp/CheckSymbolExists.cxx
/home/arslanali/quadrotor-simulation/build/CMakeFiles/CMakeTmp/CheckSymbolExists.cxx: In function ‘int main(int, char**)’:
/home/arslanali/quadrotor-simulation/build/CMakeFiles/CMakeTmp/CheckSymbolExists.cxx:8:19: error: ‘Q_WS_MAC’ was not declared in this scope
   return ((int*)(&Q_WS_MAC))[argc];
                   ^
CMakeFiles/cmTC_01b19.dir/build.make:65: recipe for target 'CMakeFiles/cmTC_01b19.dir/CheckSymbolExists.cxx.o' failed
make[1]: *** [CMakeFiles/cmTC_01b19.dir/CheckSymbolExists.cxx.o] Error 1
make[1]: Leaving directory '/home/arslanali/quadrotor-simulation/build/CMakeFiles/CMakeTmp'
Makefile:126: recipe for target 'cmTC_01b19/fast' failed
make: *** [cmTC_01b19/fast] Error 2

File /home/arslanali/quadrotor-simulation/build/CMakeFiles/CMakeTmp/CheckSymbolExists.cxx:
/* */
#include <QtCore/qglobal.h>

int main(int argc, char** argv)
{
  (void)argv;
#ifndef Q_WS_MAC
  return ((int*)(&Q_WS_MAC))[argc];
#else
  (void)argc;
  return 0;
#endif
}

